This is pdfTeX, Version 3.14159265-2.6-1.40.18 (TeX Live 2017) (preloaded format=pdflatex 2017.5.23)  19 APR 2018 14:07
entering extended mode
 restricted \write18 enabled.
 %&-line parsing enabled.
**Unified_Docs.tex
(./Unified_Docs.tex
LaTeX2e <2017-04-15>
Babel <3.10> and hyphenation patterns for 84 language(s) loaded.
(/usr/local/texlive/2017/texmf-dist/tex/latex/base/book.cls
Document Class: book 2014/09/29 v1.4h Standard LaTeX document class
(/usr/local/texlive/2017/texmf-dist/tex/latex/base/bk12.clo
File: bk12.clo 2014/09/29 v1.4h Standard LaTeX file (size option)
)
\c@part=\count79
\c@chapter=\count80
\c@section=\count81
\c@subsection=\count82
\c@subsubsection=\count83
\c@paragraph=\count84
\c@subparagraph=\count85
\c@figure=\count86
\c@table=\count87
\abovecaptionskip=\skip41
\belowcaptionskip=\skip42
\bibindent=\dimen102
)
(/usr/local/texlive/2017/texmf-dist/tex/latex/geometry/geometry.sty
Package: geometry 2010/09/12 v5.6 Page Geometry

(/usr/local/texlive/2017/texmf-dist/tex/latex/graphics/keyval.sty
Package: keyval 2014/10/28 v1.15 key=value parser (DPC)
\KV@toks@=\toks14
)
(/usr/local/texlive/2017/texmf-dist/tex/generic/oberdiek/ifpdf.sty
Package: ifpdf 2017/03/15 v3.2 Provides the ifpdf switch
)
(/usr/local/texlive/2017/texmf-dist/tex/generic/oberdiek/ifvtex.sty
Package: ifvtex 2016/05/16 v1.6 Detect VTeX and its facilities (HO)
Package ifvtex Info: VTeX not detected.
)
(/usr/local/texlive/2017/texmf-dist/tex/generic/ifxetex/ifxetex.sty
Package: ifxetex 2010/09/12 v0.6 Provides ifxetex conditional
)
\Gm@cnth=\count88
\Gm@cntv=\count89
\c@Gm@tempcnt=\count90
\Gm@bindingoffset=\dimen103
\Gm@wd@mp=\dimen104
\Gm@odd@mp=\dimen105
\Gm@even@mp=\dimen106
\Gm@layoutwidth=\dimen107
\Gm@layoutheight=\dimen108
\Gm@layouthoffset=\dimen109
\Gm@layoutvoffset=\dimen110
\Gm@dimlist=\toks15
)
(/usr/local/texlive/2017/texmf-dist/tex/latex/base/makeidx.sty
Package: makeidx 2014/09/29 v1.0m Standard LaTeX package
)
(/usr/local/texlive/2017/texmf-dist/tex/generic/babel/babel.sty
Package: babel 2017/05/19 3.10 The Babel package

(/usr/local/texlive/2017/texmf-dist/tex/generic/babel-english/english.ldf
Language: english 2017/01/24 v3.3q English support from the babel system

(/usr/local/texlive/2017/texmf-dist/tex/generic/babel/babel.def
File: babel.def 2017/05/19 3.10 Babel common definitions
\babel@savecnt=\count91
\U@D=\dimen111
)
\l@canadian = a dialect from \language\l@american 
\l@australian = a dialect from \language\l@british 
\l@newzealand = a dialect from \language\l@british 
))
(/usr/local/texlive/2017/texmf-dist/tex/latex/todonotes/todonotes.sty
Package: todonotes 2015/07/09 .dtx Todonotes source and documentation.
Package: todonotes 2012/07/25

(/usr/local/texlive/2017/texmf-dist/tex/latex/base/ifthen.sty
Package: ifthen 2014/09/29 v1.1c Standard LaTeX ifthen package (DPC)
)
(/usr/local/texlive/2017/texmf-dist/tex/latex/xkeyval/xkeyval.sty
Package: xkeyval 2014/12/03 v2.7a package option processing (HA)

(/usr/local/texlive/2017/texmf-dist/tex/generic/xkeyval/xkeyval.tex
(/usr/local/texlive/2017/texmf-dist/tex/generic/xkeyval/xkvutils.tex
\XKV@toks=\toks16
\XKV@tempa@toks=\toks17
)
\XKV@depth=\count92
File: xkeyval.tex 2014/12/03 v2.7a key=value parser (HA)
))
(/usr/local/texlive/2017/texmf-dist/tex/latex/xcolor/xcolor.sty
Package: xcolor 2016/05/11 v2.12 LaTeX color extensions (UK)

(/usr/local/texlive/2017/texmf-dist/tex/latex/graphics-cfg/color.cfg
File: color.cfg 2016/01/02 v1.6 sample color configuration
)
Package xcolor Info: Driver file: pdftex.def on input line 225.

(/usr/local/texlive/2017/texmf-dist/tex/latex/graphics-def/pdftex.def
File: pdftex.def 2017/01/12 v0.06k Graphics/color for pdfTeX

(/usr/local/texlive/2017/texmf-dist/tex/generic/oberdiek/infwarerr.sty
Package: infwarerr 2016/05/16 v1.4 Providing info/warning/error messages (HO)
)
(/usr/local/texlive/2017/texmf-dist/tex/generic/oberdiek/ltxcmds.sty
Package: ltxcmds 2016/05/16 v1.23 LaTeX kernel commands for general use (HO)
)
\Gread@gobject=\count93
)
Package xcolor Info: Model `cmy' substituted by `cmy0' on input line 1348.
Package xcolor Info: Model `hsb' substituted by `rgb' on input line 1352.
Package xcolor Info: Model `RGB' extended on input line 1364.
Package xcolor Info: Model `HTML' substituted by `rgb' on input line 1366.
Package xcolor Info: Model `Hsb' substituted by `hsb' on input line 1367.
Package xcolor Info: Model `tHsb' substituted by `hsb' on input line 1368.
Package xcolor Info: Model `HSB' substituted by `hsb' on input line 1369.
Package xcolor Info: Model `Gray' substituted by `gray' on input line 1370.
Package xcolor Info: Model `wave' substituted by `hsb' on input line 1371.
)
(/usr/local/texlive/2017/texmf-dist/tex/latex/pgf/frontendlayer/tikz.sty
(/usr/local/texlive/2017/texmf-dist/tex/latex/pgf/basiclayer/pgf.sty
(/usr/local/texlive/2017/texmf-dist/tex/latex/pgf/utilities/pgfrcs.sty
(/usr/local/texlive/2017/texmf-dist/tex/generic/pgf/utilities/pgfutil-common.te
x
\pgfutil@everybye=\toks18
\pgfutil@tempdima=\dimen112
\pgfutil@tempdimb=\dimen113

(/usr/local/texlive/2017/texmf-dist/tex/generic/pgf/utilities/pgfutil-common-li
sts.tex))
(/usr/local/texlive/2017/texmf-dist/tex/generic/pgf/utilities/pgfutil-latex.def
\pgfutil@abb=\box26
(/usr/local/texlive/2017/texmf-dist/tex/latex/ms/everyshi.sty
Package: everyshi 2001/05/15 v3.00 EveryShipout Package (MS)
))
(/usr/local/texlive/2017/texmf-dist/tex/generic/pgf/utilities/pgfrcs.code.tex
Package: pgfrcs 2015/08/07 v3.0.1a (rcs-revision 1.31)
))
Package: pgf 2015/08/07 v3.0.1a (rcs-revision 1.15)
(/usr/local/texlive/2017/texmf-dist/tex/latex/pgf/basiclayer/pgfcore.sty
(/usr/local/texlive/2017/texmf-dist/tex/latex/graphics/graphicx.sty
Package: graphicx 2014/10/28 v1.0g Enhanced LaTeX Graphics (DPC,SPQR)

(/usr/local/texlive/2017/texmf-dist/tex/latex/graphics/graphics.sty
Package: graphics 2017/04/14 v1.1b Standard LaTeX Graphics (DPC,SPQR)

(/usr/local/texlive/2017/texmf-dist/tex/latex/graphics/trig.sty
Package: trig 2016/01/03 v1.10 sin cos tan (DPC)
)
(/usr/local/texlive/2017/texmf-dist/tex/latex/graphics-cfg/graphics.cfg
File: graphics.cfg 2016/06/04 v1.11 sample graphics configuration
)
Package graphics Info: Driver file: pdftex.def on input line 99.
)
\Gin@req@height=\dimen114
\Gin@req@width=\dimen115
)
(/usr/local/texlive/2017/texmf-dist/tex/latex/pgf/systemlayer/pgfsys.sty
(/usr/local/texlive/2017/texmf-dist/tex/generic/pgf/systemlayer/pgfsys.code.tex
Package: pgfsys 2014/07/09 v3.0.1a (rcs-revision 1.48)
(/usr/local/texlive/2017/texmf-dist/tex/generic/pgf/utilities/pgfkeys.code.tex
\pgfkeys@pathtoks=\toks19
\pgfkeys@temptoks=\toks20

(/usr/local/texlive/2017/texmf-dist/tex/generic/pgf/utilities/pgfkeysfiltered.c
ode.tex
\pgfkeys@tmptoks=\toks21
))
\pgf@x=\dimen116
\pgf@y=\dimen117
\pgf@xa=\dimen118
\pgf@ya=\dimen119
\pgf@xb=\dimen120
\pgf@yb=\dimen121
\pgf@xc=\dimen122
\pgf@yc=\dimen123
\w@pgf@writea=\write3
\r@pgf@reada=\read1
\c@pgf@counta=\count94
\c@pgf@countb=\count95
\c@pgf@countc=\count96
\c@pgf@countd=\count97
\t@pgf@toka=\toks22
\t@pgf@tokb=\toks23
\t@pgf@tokc=\toks24

(/usr/local/texlive/2017/texmf-dist/tex/generic/pgf/systemlayer/pgf.cfg
File: pgf.cfg 2008/05/14  (rcs-revision 1.7)
)
Driver file for pgf: pgfsys-pdftex.def

(/usr/local/texlive/2017/texmf-dist/tex/generic/pgf/systemlayer/pgfsys-pdftex.d
ef
File: pgfsys-pdftex.def 2014/10/11  (rcs-revision 1.35)

(/usr/local/texlive/2017/texmf-dist/tex/generic/pgf/systemlayer/pgfsys-common-p
df.def
File: pgfsys-common-pdf.def 2013/10/10  (rcs-revision 1.13)
)))
(/usr/local/texlive/2017/texmf-dist/tex/generic/pgf/systemlayer/pgfsyssoftpath.
code.tex
File: pgfsyssoftpath.code.tex 2013/09/09  (rcs-revision 1.9)
\pgfsyssoftpath@smallbuffer@items=\count98
\pgfsyssoftpath@bigbuffer@items=\count99
)
(/usr/local/texlive/2017/texmf-dist/tex/generic/pgf/systemlayer/pgfsysprotocol.
code.tex
File: pgfsysprotocol.code.tex 2006/10/16  (rcs-revision 1.4)
))
(/usr/local/texlive/2017/texmf-dist/tex/generic/pgf/basiclayer/pgfcore.code.tex
Package: pgfcore 2010/04/11 v3.0.1a (rcs-revision 1.7)
(/usr/local/texlive/2017/texmf-dist/tex/generic/pgf/math/pgfmath.code.tex
(/usr/local/texlive/2017/texmf-dist/tex/generic/pgf/math/pgfmathcalc.code.tex
(/usr/local/texlive/2017/texmf-dist/tex/generic/pgf/math/pgfmathutil.code.tex)
(/usr/local/texlive/2017/texmf-dist/tex/generic/pgf/math/pgfmathparser.code.tex
\pgfmath@dimen=\dimen124
\pgfmath@count=\count100
\pgfmath@box=\box27
\pgfmath@toks=\toks25
\pgfmath@stack@operand=\toks26
\pgfmath@stack@operation=\toks27
)
(/usr/local/texlive/2017/texmf-dist/tex/generic/pgf/math/pgfmathfunctions.code.
tex
(/usr/local/texlive/2017/texmf-dist/tex/generic/pgf/math/pgfmathfunctions.basic
.code.tex)
(/usr/local/texlive/2017/texmf-dist/tex/generic/pgf/math/pgfmathfunctions.trigo
nometric.code.tex)
(/usr/local/texlive/2017/texmf-dist/tex/generic/pgf/math/pgfmathfunctions.rando
m.code.tex)
(/usr/local/texlive/2017/texmf-dist/tex/generic/pgf/math/pgfmathfunctions.compa
rison.code.tex)
(/usr/local/texlive/2017/texmf-dist/tex/generic/pgf/math/pgfmathfunctions.base.
code.tex)
(/usr/local/texlive/2017/texmf-dist/tex/generic/pgf/math/pgfmathfunctions.round
.code.tex)
(/usr/local/texlive/2017/texmf-dist/tex/generic/pgf/math/pgfmathfunctions.misc.
code.tex)
(/usr/local/texlive/2017/texmf-dist/tex/generic/pgf/math/pgfmathfunctions.integ
erarithmetics.code.tex)))
(/usr/local/texlive/2017/texmf-dist/tex/generic/pgf/math/pgfmathfloat.code.tex
\c@pgfmathroundto@lastzeros=\count101
))
(/usr/local/texlive/2017/texmf-dist/tex/generic/pgf/basiclayer/pgfcorepoints.co
de.tex
File: pgfcorepoints.code.tex 2013/10/07  (rcs-revision 1.27)
\pgf@picminx=\dimen125
\pgf@picmaxx=\dimen126
\pgf@picminy=\dimen127
\pgf@picmaxy=\dimen128
\pgf@pathminx=\dimen129
\pgf@pathmaxx=\dimen130
\pgf@pathminy=\dimen131
\pgf@pathmaxy=\dimen132
\pgf@xx=\dimen133
\pgf@xy=\dimen134
\pgf@yx=\dimen135
\pgf@yy=\dimen136
\pgf@zx=\dimen137
\pgf@zy=\dimen138
)
(/usr/local/texlive/2017/texmf-dist/tex/generic/pgf/basiclayer/pgfcorepathconst
ruct.code.tex
File: pgfcorepathconstruct.code.tex 2013/10/07  (rcs-revision 1.29)
\pgf@path@lastx=\dimen139
\pgf@path@lasty=\dimen140
)
(/usr/local/texlive/2017/texmf-dist/tex/generic/pgf/basiclayer/pgfcorepathusage
.code.tex
File: pgfcorepathusage.code.tex 2014/11/02  (rcs-revision 1.24)
\pgf@shorten@end@additional=\dimen141
\pgf@shorten@start@additional=\dimen142
)
(/usr/local/texlive/2017/texmf-dist/tex/generic/pgf/basiclayer/pgfcorescopes.co
de.tex
File: pgfcorescopes.code.tex 2015/05/08  (rcs-revision 1.46)
\pgfpic=\box28
\pgf@hbox=\box29
\pgf@layerbox@main=\box30
\pgf@picture@serial@count=\count102
)
(/usr/local/texlive/2017/texmf-dist/tex/generic/pgf/basiclayer/pgfcoregraphicst
ate.code.tex
File: pgfcoregraphicstate.code.tex 2014/11/02  (rcs-revision 1.12)
\pgflinewidth=\dimen143
)
(/usr/local/texlive/2017/texmf-dist/tex/generic/pgf/basiclayer/pgfcoretransform
ations.code.tex
File: pgfcoretransformations.code.tex 2015/08/07  (rcs-revision 1.20)
\pgf@pt@x=\dimen144
\pgf@pt@y=\dimen145
\pgf@pt@temp=\dimen146
)
(/usr/local/texlive/2017/texmf-dist/tex/generic/pgf/basiclayer/pgfcorequick.cod
e.tex
File: pgfcorequick.code.tex 2008/10/09  (rcs-revision 1.3)
)
(/usr/local/texlive/2017/texmf-dist/tex/generic/pgf/basiclayer/pgfcoreobjects.c
ode.tex
File: pgfcoreobjects.code.tex 2006/10/11  (rcs-revision 1.2)
)
(/usr/local/texlive/2017/texmf-dist/tex/generic/pgf/basiclayer/pgfcorepathproce
ssing.code.tex
File: pgfcorepathprocessing.code.tex 2013/09/09  (rcs-revision 1.9)
)
(/usr/local/texlive/2017/texmf-dist/tex/generic/pgf/basiclayer/pgfcorearrows.co
de.tex
File: pgfcorearrows.code.tex 2015/05/14  (rcs-revision 1.43)
\pgfarrowsep=\dimen147
)
(/usr/local/texlive/2017/texmf-dist/tex/generic/pgf/basiclayer/pgfcoreshade.cod
e.tex
File: pgfcoreshade.code.tex 2013/07/15  (rcs-revision 1.15)
\pgf@max=\dimen148
\pgf@sys@shading@range@num=\count103
)
(/usr/local/texlive/2017/texmf-dist/tex/generic/pgf/basiclayer/pgfcoreimage.cod
e.tex
File: pgfcoreimage.code.tex 2013/07/15  (rcs-revision 1.18)

(/usr/local/texlive/2017/texmf-dist/tex/generic/pgf/basiclayer/pgfcoreexternal.
code.tex
File: pgfcoreexternal.code.tex 2014/07/09  (rcs-revision 1.21)
\pgfexternal@startupbox=\box31
))
(/usr/local/texlive/2017/texmf-dist/tex/generic/pgf/basiclayer/pgfcorelayers.co
de.tex
File: pgfcorelayers.code.tex 2013/07/18  (rcs-revision 1.7)
)
(/usr/local/texlive/2017/texmf-dist/tex/generic/pgf/basiclayer/pgfcoretranspare
ncy.code.tex
File: pgfcoretransparency.code.tex 2013/09/30  (rcs-revision 1.5)
)
(/usr/local/texlive/2017/texmf-dist/tex/generic/pgf/basiclayer/pgfcorepatterns.
code.tex
File: pgfcorepatterns.code.tex 2013/11/07  (rcs-revision 1.5)
)))
(/usr/local/texlive/2017/texmf-dist/tex/generic/pgf/modules/pgfmoduleshapes.cod
e.tex
File: pgfmoduleshapes.code.tex 2014/03/21  (rcs-revision 1.35)
\pgfnodeparttextbox=\box32
)
(/usr/local/texlive/2017/texmf-dist/tex/generic/pgf/modules/pgfmoduleplot.code.
tex
File: pgfmoduleplot.code.tex 2015/08/03  (rcs-revision 1.13)
)
(/usr/local/texlive/2017/texmf-dist/tex/latex/pgf/compatibility/pgfcomp-version
-0-65.sty
Package: pgfcomp-version-0-65 2007/07/03 v3.0.1a (rcs-revision 1.7)
\pgf@nodesepstart=\dimen149
\pgf@nodesepend=\dimen150
)
(/usr/local/texlive/2017/texmf-dist/tex/latex/pgf/compatibility/pgfcomp-version
-1-18.sty
Package: pgfcomp-version-1-18 2007/07/23 v3.0.1a (rcs-revision 1.1)
))
(/usr/local/texlive/2017/texmf-dist/tex/latex/pgf/utilities/pgffor.sty
(/usr/local/texlive/2017/texmf-dist/tex/latex/pgf/utilities/pgfkeys.sty
(/usr/local/texlive/2017/texmf-dist/tex/generic/pgf/utilities/pgfkeys.code.tex)
) (/usr/local/texlive/2017/texmf-dist/tex/latex/pgf/math/pgfmath.sty
(/usr/local/texlive/2017/texmf-dist/tex/generic/pgf/math/pgfmath.code.tex))
(/usr/local/texlive/2017/texmf-dist/tex/generic/pgf/utilities/pgffor.code.tex
Package: pgffor 2013/12/13 v3.0.1a (rcs-revision 1.25)

(/usr/local/texlive/2017/texmf-dist/tex/generic/pgf/math/pgfmath.code.tex)
\pgffor@iter=\dimen151
\pgffor@skip=\dimen152
\pgffor@stack=\toks28
\pgffor@toks=\toks29
))
(/usr/local/texlive/2017/texmf-dist/tex/generic/pgf/frontendlayer/tikz/tikz.cod
e.tex
Package: tikz 2015/08/07 v3.0.1a (rcs-revision 1.151)

(/usr/local/texlive/2017/texmf-dist/tex/generic/pgf/libraries/pgflibraryplothan
dlers.code.tex
File: pgflibraryplothandlers.code.tex 2013/08/31 v3.0.1a (rcs-revision 1.20)
\pgf@plot@mark@count=\count104
\pgfplotmarksize=\dimen153
)
\tikz@lastx=\dimen154
\tikz@lasty=\dimen155
\tikz@lastxsaved=\dimen156
\tikz@lastysaved=\dimen157
\tikzleveldistance=\dimen158
\tikzsiblingdistance=\dimen159
\tikz@figbox=\box33
\tikz@figbox@bg=\box34
\tikz@tempbox=\box35
\tikz@tempbox@bg=\box36
\tikztreelevel=\count105
\tikznumberofchildren=\count106
\tikznumberofcurrentchild=\count107
\tikz@fig@count=\count108

(/usr/local/texlive/2017/texmf-dist/tex/generic/pgf/modules/pgfmodulematrix.cod
e.tex
File: pgfmodulematrix.code.tex 2013/09/17  (rcs-revision 1.8)
\pgfmatrixcurrentrow=\count109
\pgfmatrixcurrentcolumn=\count110
\pgf@matrix@numberofcolumns=\count111
)
\tikz@expandcount=\count112

(/usr/local/texlive/2017/texmf-dist/tex/generic/pgf/frontendlayer/tikz/librarie
s/tikzlibrarytopaths.code.tex
File: tikzlibrarytopaths.code.tex 2008/06/17 v3.0.1a (rcs-revision 1.2)
)))
(/usr/local/texlive/2017/texmf-dist/tex/generic/pgf/frontendlayer/tikz/librarie
s/tikzlibrarypositioning.code.tex
File: tikzlibrarypositioning.code.tex 2008/10/06 v3.0.1a (rcs-revision 1.7)
)
(/usr/local/texlive/2017/texmf-dist/tex/latex/tools/calc.sty
Package: calc 2014/10/28 v4.3 Infix arithmetic (KKT,FJ)
\calc@Acount=\count113
\calc@Bcount=\count114
\calc@Adimen=\dimen160
\calc@Bdimen=\dimen161
\calc@Askip=\skip43
\calc@Bskip=\skip44
LaTeX Info: Redefining \setlength on input line 80.
LaTeX Info: Redefining \addtolength on input line 81.
\calc@Ccount=\count115
\calc@Cskip=\skip45
)
\c@@todonotes@numberoftodonotes=\count116
)
(/usr/local/texlive/2017/texmf-dist/tex/latex/tools/multicol.sty
Package: multicol 2017/04/11 v1.8q multicolumn formatting (FMi)
\c@tracingmulticols=\count117
\mult@box=\box37
\multicol@leftmargin=\dimen162
\c@unbalance=\count118
\c@collectmore=\count119
\doublecol@number=\count120
\multicoltolerance=\count121
\multicolpretolerance=\count122
\full@width=\dimen163
\page@free=\dimen164
\premulticols=\dimen165
\postmulticols=\dimen166
\multicolsep=\skip46
\multicolbaselineskip=\skip47
\partial@page=\box38
\last@line=\box39
\maxbalancingoverflow=\dimen167
\mult@rightbox=\box40
\mult@grightbox=\box41
\mult@gfirstbox=\box42
\mult@firstbox=\box43
\@tempa=\box44
\@tempa=\box45
\@tempa=\box46
\@tempa=\box47
\@tempa=\box48
\@tempa=\box49
\@tempa=\box50
\@tempa=\box51
\@tempa=\box52
\@tempa=\box53
\@tempa=\box54
\@tempa=\box55
\@tempa=\box56
\@tempa=\box57
\@tempa=\box58
\@tempa=\box59
\@tempa=\box60
\c@columnbadness=\count123
\c@finalcolumnbadness=\count124
\last@try=\dimen168
\multicolovershoot=\dimen169
\multicolundershoot=\dimen170
\mult@nat@firstbox=\box61
\colbreak@box=\box62
\mc@col@check@num=\count125
)
(/usr/local/texlive/2017/texmf-dist/tex/latex/tools/indentfirst.sty
Package: indentfirst 1995/11/23 v1.03 Indent first paragraph (DPC)
)
(/usr/local/texlive/2017/texmf-dist/tex/latex/titlesec/titlesec.sty
Package: titlesec 2016/03/21 v2.10.2 Sectioning titles
\ttl@box=\box63
\beforetitleunit=\skip48
\aftertitleunit=\skip49
\ttl@plus=\dimen171
\ttl@minus=\dimen172
\ttl@toksa=\toks30
\titlewidth=\dimen173
\titlewidthlast=\dimen174
\titlewidthfirst=\dimen175
)
(/usr/local/texlive/2017/texmf-dist/tex/latex/enumitem/enumitem.sty
Package: enumitem 2011/09/28 v3.5.2 Customized lists
\labelindent=\skip50
\enit@outerparindent=\dimen176
\enit@toks=\toks31
\enit@inbox=\box64
\enitdp@description=\count126
)
(/usr/local/texlive/2017/texmf-dist/tex/latex/endnotes/endnotes.sty
\c@endnote=\count127
\endnotesep=\dimen177
\@enotes=\write4
)
\c@longenumi=\count128
\c@longenumii=\count129
\c@longenumiii=\count130
\c@longenumiv=\count131
\c@longenumv=\count132
\c@longenumvi=\count133
\c@longenumvii=\count134
\c@longenumviii=\count135
\c@longenumix=\count136
\c@longenumx=\count137
\c@longenumxi=\count138
\c@longenumxii=\count139
\c@longenumxiii=\count140
\c@longenumxiv=\count141
\c@longenumxv=\count142
\c@longenumxvi=\count143
\c@longenumxvii=\count144
\c@longenumxviii=\count145
\c@longenumxix=\count146
\c@longenumxx=\count147
\enitdp@longenum=\count148

(/usr/local/texlive/2017/texmf-dist/tex/latex/lm/lmodern.sty
Package: lmodern 2009/10/30 v1.6 Latin Modern Fonts
LaTeX Font Info:    Overwriting symbol font `operators' in version `normal'
(Font)                  OT1/cmr/m/n --> OT1/lmr/m/n on input line 22.
LaTeX Font Info:    Overwriting symbol font `letters' in version `normal'
(Font)                  OML/cmm/m/it --> OML/lmm/m/it on input line 23.
LaTeX Font Info:    Overwriting symbol font `symbols' in version `normal'
(Font)                  OMS/cmsy/m/n --> OMS/lmsy/m/n on input line 24.
LaTeX Font Info:    Overwriting symbol font `largesymbols' in version `normal'
(Font)                  OMX/cmex/m/n --> OMX/lmex/m/n on input line 25.
LaTeX Font Info:    Overwriting symbol font `operators' in version `bold'
(Font)                  OT1/cmr/bx/n --> OT1/lmr/bx/n on input line 26.
LaTeX Font Info:    Overwriting symbol font `letters' in version `bold'
(Font)                  OML/cmm/b/it --> OML/lmm/b/it on input line 27.
LaTeX Font Info:    Overwriting symbol font `symbols' in version `bold'
(Font)                  OMS/cmsy/b/n --> OMS/lmsy/b/n on input line 28.
LaTeX Font Info:    Overwriting symbol font `largesymbols' in version `bold'
(Font)                  OMX/cmex/m/n --> OMX/lmex/m/n on input line 29.
LaTeX Font Info:    Overwriting math alphabet `\mathbf' in version `normal'
(Font)                  OT1/cmr/bx/n --> OT1/lmr/bx/n on input line 31.
LaTeX Font Info:    Overwriting math alphabet `\mathsf' in version `normal'
(Font)                  OT1/cmss/m/n --> OT1/lmss/m/n on input line 32.
LaTeX Font Info:    Overwriting math alphabet `\mathit' in version `normal'
(Font)                  OT1/cmr/m/it --> OT1/lmr/m/it on input line 33.
LaTeX Font Info:    Overwriting math alphabet `\mathtt' in version `normal'
(Font)                  OT1/cmtt/m/n --> OT1/lmtt/m/n on input line 34.
LaTeX Font Info:    Overwriting math alphabet `\mathbf' in version `bold'
(Font)                  OT1/cmr/bx/n --> OT1/lmr/bx/n on input line 35.
LaTeX Font Info:    Overwriting math alphabet `\mathsf' in version `bold'
(Font)                  OT1/cmss/bx/n --> OT1/lmss/bx/n on input line 36.
LaTeX Font Info:    Overwriting math alphabet `\mathit' in version `bold'
(Font)                  OT1/cmr/bx/it --> OT1/lmr/bx/it on input line 37.
LaTeX Font Info:    Overwriting math alphabet `\mathtt' in version `bold'
(Font)                  OT1/cmtt/m/n --> OT1/lmtt/m/n on input line 38.
)
(/usr/local/texlive/2017/texmf-dist/tex/latex/base/fontenc.sty
Package: fontenc 2017/04/05 v2.0i Standard LaTeX package

(/usr/local/texlive/2017/texmf-dist/tex/latex/base/t1enc.def
File: t1enc.def 2017/04/05 v2.0i Standard LaTeX file
LaTeX Font Info:    Redeclaring font encoding T1 on input line 48.
))
(/usr/local/texlive/2017/texmf-dist/tex/latex/hyphenat/hyphenat.sty
Package: hyphenat 2009/09/02 v2.3c hyphenation utilities
\langwohyphens=\language84
LaTeX Info: Redefining \_ on input line 43.
)
\@indexfile=\write5
\openout5 = `Unified_Docs.idx'.


Writing index file Unified_Docs.idx
(./Unified_Docs.aux (./Constitution/Constitution.aux) (./Bylaw/Bylaws.aux)
(./Elections/Elections_Table.aux) (./Bylaw/Bylaws_Post_Election_Table.aux)
(./Operations_Policy/Conflict_of_Interest.aux)
(./Operations_Policy/Discipline_Code_2018.aux)
(./Operations_Policy/Elections.aux) (./Operations_Policy/Minutes_2018.aux)
(./Operations_Policy/Procurement.aux) (./Committee_Documents/GSTA.aux)
(./Committee_Documents/Gradcast.aux) (./Committee_Documents/OSC.aux)
(./Committee_Documents/HPC.aux) (./Committee_Documents/Policy.aux)
(./Rulings/July2013.aux) (./Rulings/Nov2014.aux) (./Rulings/Nov2017.aux))
\openout1 = `Unified_Docs.aux'.

LaTeX Font Info:    Checking defaults for OML/cmm/m/it on input line 89.
LaTeX Font Info:    ... okay on input line 89.
LaTeX Font Info:    Checking defaults for T1/cmr/m/n on input line 89.
LaTeX Font Info:    ... okay on input line 89.
LaTeX Font Info:    Checking defaults for OT1/cmr/m/n on input line 89.
LaTeX Font Info:    ... okay on input line 89.
LaTeX Font Info:    Checking defaults for OMS/cmsy/m/n on input line 89.
LaTeX Font Info:    ... okay on input line 89.
LaTeX Font Info:    Checking defaults for OMX/cmex/m/n on input line 89.
LaTeX Font Info:    ... okay on input line 89.
LaTeX Font Info:    Checking defaults for U/cmr/m/n on input line 89.
LaTeX Font Info:    ... okay on input line 89.
LaTeX Font Info:    Try loading font information for T1+lmss on input line 89.

(/usr/local/texlive/2017/texmf-dist/tex/latex/lm/t1lmss.fd
File: t1lmss.fd 2009/10/30 v1.6 Font defs for Latin Modern
)
*geometry* driver: auto-detecting
*geometry* detected driver: pdftex
*geometry* verbose mode - [ preamble ] result:
* driver: pdftex
* paper: letterpaper
* layout: <same size as paper>
* layoutoffset:(h,v)=(0.0pt,0.0pt)
* modes: 
* h-part:(L,W,R)=(72.26999pt, 469.75502pt, 72.26999pt)
* v-part:(T,H,B)=(72.26999pt, 650.43001pt, 72.26999pt)
* \paperwidth=614.295pt
* \paperheight=794.96999pt
* \textwidth=469.75502pt
* \textheight=650.43001pt
* \oddsidemargin=0.0pt
* \evensidemargin=0.0pt
* \topmargin=-31.8738pt
* \headheight=12.0pt
* \headsep=19.8738pt
* \topskip=12.0pt
* \footskip=30.0pt
* \marginparwidth=47.0pt
* \marginparsep=7.0pt
* \columnsep=10.0pt
* \skip\footins=10.8pt plus 4.0pt minus 2.0pt
* \hoffset=0.0pt
* \voffset=0.0pt
* \mag=1000
* \@twocolumnfalse
* \@twosidefalse
* \@mparswitchfalse
* \@reversemarginfalse
* (1in=72.27pt=25.4mm, 1cm=28.453pt)

(/usr/local/texlive/2017/texmf-dist/tex/context/base/mkii/supp-pdf.mkii
[Loading MPS to PDF converter (version 2006.09.02).]
\scratchcounter=\count149
\scratchdimen=\dimen178
\scratchbox=\box65
\nofMPsegments=\count150
\nofMParguments=\count151
\everyMPshowfont=\toks32
\MPscratchCnt=\count152
\MPscratchDim=\dimen179
\MPnumerator=\count153
\makeMPintoPDFobject=\count154
\everyMPtoPDFconversion=\toks33
) (/usr/local/texlive/2017/texmf-dist/tex/generic/oberdiek/pdftexcmds.sty
Package: pdftexcmds 2017/03/19 v0.25 Utility functions of pdfTeX for LuaTeX (HO
)

(/usr/local/texlive/2017/texmf-dist/tex/generic/oberdiek/ifluatex.sty
Package: ifluatex 2016/05/16 v1.4 Provides the ifluatex switch (HO)
Package ifluatex Info: LuaTeX not detected.
)
Package pdftexcmds Info: LuaTeX not detected.
Package pdftexcmds Info: \pdf@primitive is available.
Package pdftexcmds Info: \pdf@ifprimitive is available.
Package pdftexcmds Info: \pdfdraftmode found.
)
(/usr/local/texlive/2017/texmf-dist/tex/latex/oberdiek/epstopdf-base.sty
Package: epstopdf-base 2016/05/15 v2.6 Base part for package epstopdf

(/usr/local/texlive/2017/texmf-dist/tex/latex/oberdiek/grfext.sty
Package: grfext 2016/05/16 v1.2 Manage graphics extensions (HO)

(/usr/local/texlive/2017/texmf-dist/tex/generic/oberdiek/kvdefinekeys.sty
Package: kvdefinekeys 2016/05/16 v1.4 Define keys (HO)
))
(/usr/local/texlive/2017/texmf-dist/tex/latex/oberdiek/kvoptions.sty
Package: kvoptions 2016/05/16 v3.12 Key value format for package options (HO)

(/usr/local/texlive/2017/texmf-dist/tex/generic/oberdiek/kvsetkeys.sty
Package: kvsetkeys 2016/05/16 v1.17 Key value parser (HO)

(/usr/local/texlive/2017/texmf-dist/tex/generic/oberdiek/etexcmds.sty
Package: etexcmds 2016/05/16 v1.6 Avoid name clashes with e-TeX commands (HO)
Package etexcmds Info: Could not find \expanded.
(etexcmds)             That can mean that you are not using pdfTeX 1.50 or
(etexcmds)             that some package has redefined \expanded.
(etexcmds)             In the latter case, load this package earlier.
)))
Package epstopdf-base Info: Redefining graphics rule for `.eps' on input line 4
38.
Package grfext Info: Graphics extension search list:
(grfext)             [.png,.pdf,.jpg,.mps,.jpeg,.jbig2,.jb2,.PNG,.PDF,.JPG,.JPE
G,.JBIG2,.JB2,.eps]
(grfext)             \AppendGraphicsExtensions on input line 456.

(/usr/local/texlive/2017/texmf-dist/tex/latex/latexconfig/epstopdf-sys.cfg
File: epstopdf-sys.cfg 2010/07/13 v1.3 Configuration of (r)epstopdf for TeX Liv
e
))
ABD: EveryShipout initializing macros
<logo.jpg, id=4, 67.75313pt x 123.46124pt>
File: logo.jpg Graphic file (type jpg)
 <use logo.jpg>
Package pdftex.def Info: logo.jpg used on input line 93.
(pdftex.def)             Requested size: 67.75294pt x 123.46092pt.
LaTeX Font Info:    Try loading font information for T1+lmr on input line 93.

(/usr/local/texlive/2017/texmf-dist/tex/latex/lm/t1lmr.fd
File: t1lmr.fd 2009/10/30 v1.6 Font defs for Latin Modern
)

LaTeX Font Warning: Font shape `T1/lmss/m/sc' in size <12> not available
(Font)              Font shape `T1/lmr/m/sc' tried instead on input line 93.

LaTeX Font Info:    Font shape `T1/lmss/m/it' in size <12> not available
(Font)              Font shape `T1/lmss/m/sl' tried instead on input line 93.
[1

{/usr/local/texlive/2017/texmf-var/fonts/map/pdftex/updmap/pdftex.map} <./logo.
jpg>] (./Unified_Docs.toc
LaTeX Font Info:    Try loading font information for OT1+lmr on input line 3.

(/usr/local/texlive/2017/texmf-dist/tex/latex/lm/ot1lmr.fd
File: ot1lmr.fd 2009/10/30 v1.6 Font defs for Latin Modern
)
LaTeX Font Info:    Try loading font information for OML+lmm on input line 3.

(/usr/local/texlive/2017/texmf-dist/tex/latex/lm/omllmm.fd
File: omllmm.fd 2009/10/30 v1.6 Font defs for Latin Modern
)
LaTeX Font Info:    Try loading font information for OMS+lmsy on input line 3.

(/usr/local/texlive/2017/texmf-dist/tex/latex/lm/omslmsy.fd
File: omslmsy.fd 2009/10/30 v1.6 Font defs for Latin Modern
)
LaTeX Font Info:    Try loading font information for OMX+lmex on input line 3.

(/usr/local/texlive/2017/texmf-dist/tex/latex/lm/omxlmex.fd
File: omxlmex.fd 2009/10/30 v1.6 Font defs for Latin Modern
)
LaTeX Font Info:    External font `lmex10' loaded for size
(Font)              <12> on input line 3.
LaTeX Font Info:    External font `lmex10' loaded for size
(Font)              <8> on input line 3.
LaTeX Font Info:    External font `lmex10' loaded for size
(Font)              <6> on input line 3.
 [2

] [3] [4])
\tf@toc=\write6
\openout6 = `Unified_Docs.toc'.


[5]
\openout2 = `Constitution/Constitution.aux'.

 (./Constitution/Constitution.tex
Chapter 1.

Overfull \hbox (17.62482pt too wide) in paragraph at lines 3--4
[][] 
 []

File: logo.jpg Graphic file (type jpg)
<use logo.jpg>
Package pdftex.def Info: logo.jpg used on input line 9.
(pdftex.def)             Requested size: 67.75294pt x 123.46092pt.
 [6


] [7] [8] [9] [10] [11] [12] [13]
Overfull \hbox (28.61154pt too wide) in paragraph at lines 146--147
[]\T1/lmss/m/n/12 Council shall be re-spon-si-ble for de-ter-min-ing mat-ters o
f pol-icy and su-per-vis-ing the ad-mi-nis-tra-tion
 []


Overfull \hbox (1.70105pt too wide) in paragraph at lines 151--153
[]\T1/lmss/m/n/12 Enrolment for the fall term shall de-ter-mine the num-ber of 
rep-re-sen-ta-tives each de-part-ment
 []


Overfull \hbox (18.93445pt too wide) in paragraph at lines 151--153
\T1/lmss/m/n/12 (or pro-gram) shall have on Coun-cil for the aca-demic year. Th
e spe-cific num-ber of rep-re-sen-ta-tives
 []

[14]
Overfull \hbox (9.60587pt too wide) in paragraph at lines 186--187
[]\T1/lmss/m/n/12 The Ex-ec-u-tive shall, at its dis-cre-tion, call a meet-ing 
of all Ex-ec-u-tive Of-fi-cers, Com-mis-sion-ers
 []

(./Elections/Term_limits.tex) [15] [16] [17])
\openout2 = `Bylaw/Bylaws.aux'.

 (./Bylaw/Bylaws.tex
Chapter 2.
File: logo.jpg Graphic file (type jpg)
<use logo.jpg>
Package pdftex.def Info: logo.jpg used on input line 7.
(pdftex.def)             Requested size: 67.75294pt x 123.46092pt.

Overfull \hbox (17.62482pt too wide) in paragraph at lines 4--9
[][]
 []

[18



]
Overfull \hbox (2.16821pt too wide) in paragraph at lines 33--34
[]\T1/lmss/m/n/12 shall not oc-cupy a vot-ing po-si-tion on any com-mit-tee, ex
-cept-ing ex--officio vot-ing per-mis-sions
 []


Overfull \hbox (2.75127pt too wide) in paragraph at lines 35--38
[]\T1/lmss/m/n/12 shall not serve as chair of any com-mit-tee, ex-cept when ele
ct-ing a in-terim chair-per-son
 []

[19]
Overfull \hbox (8.7719pt too wide) in paragraph at lines 80--83
[]\T1/lmss/m/n/12 The Pres-i-dent shall, as ap-pro-pri-ate, call a meet-ing of 
all Ex-ec-u-tive Of-fi-cers, Com-mis-sion-ers
 []

[20]
Overfull \hbox (12.06393pt too wide) in paragraph at lines 107--108
[]\T1/lmss/m/n/12 shall en-sure rep-re-sen-ta-tion of grad-u-ate stu-dent in-te
r-ests and con-cerns with academic-related
 []


Overfull \hbox (28.3725pt too wide) in paragraph at lines 131--133
[]\T1/lmss/m/n/12 shall at-tend West-ern's Men-tal Health and Well-ness Com-mit
-tee, or send a So-ci-ety rep-re-sen-ta-tion
 []

[21]
Overfull \hbox (7.4104pt too wide) in paragraph at lines 139--143
[]\T1/lmss/m/n/12 shall work in part-ner-ship with Graduate-relevant ser-vices 
(e.g. SGPS Ori-en-ta-tion, Grad-u-ate
 []


Overfull \hbox (1.83229pt too wide) in paragraph at lines 143--145
[]\T1/lmss/m/n/12 shall con-sult with the So-ci-ety Com-mu-ni-ca-tions Ad-min-i
s-tra-tor on the Grad-u-ate Ori-en-ta-tion
 []


Overfull \hbox (5.13884pt too wide) in paragraph at lines 172--176
[]\T1/lmss/m/n/12 shall, with the Pres-i-dent, and with Coun-cil's ap-proval, b
e re-spon-si-ble for the ad-mi-nis-tra-tion
 []

[22] [23]
Overfull \hbox (4.95152pt too wide) in paragraph at lines 239--241
[]\T1/lmss/m/n/12 shall de-ter-mine the num-ber of de-part-men-tal and part--ti
me rep-re-sen-ta-tives and co--ordinate
 []


Overfull \hbox (4.20877pt too wide) in paragraph at lines 252--254
\T1/lmss/m/n/12 of-fi-cial sum-mary of Robert's Rules, de-scrip-tions of the co
m-mit-tees of the So-ci-ety, de-scrip-tions
 []

[24]
Overfull \hbox (0.33524pt too wide) in paragraph at lines 296--298
[]\T1/lmss/m/n/12 be re-spon-si-ble for over-see-ing in-ves-ti-ga-tions of cam-
paign im-pro-pri-eties and charges
 []

[25]
Overfull \hbox (19.9537pt too wide) in paragraph at lines 307--309
[]\T1/lmss/m/n/12 The Ex-ec-u-tive and Coun-cil shall have the au-thor-ity to c
re-ate, dis-solve, or amend com-mis-sioner
 []


Overfull \hbox (14.604pt too wide) in paragraph at lines 328--330
\T1/lmss/m/n/12 con-stituency group mem-bers and al-lies to the con-stituency g
roup when pos-si-ble and ap-pro-pri-ate
 []

[26]
Overfull \hbox (11.30719pt too wide) in paragraph at lines 385--386
[]\T1/lmss/m/n/12 shall not oc-cupy a vot-ing po-si-tion on any com-mit-tee, ex
-cept-ing ex--officio vot-ing per-mis-sions
 []

[27] [28]
Overfull \hbox (15.61336pt too wide) in paragraph at lines 414--415
\T1/lmss/m/n/12 grad-u-ate stu-dent or-gan-iza-tion ex-ists, be se-lected by th
at or-gan-iza-tion, which shall com-mu-ni-cate
 []

[29] (./Elections/General_Election_Bylaw.tex
Overfull \hbox (6.4796pt too wide) in paragraph at lines 26--27
[]\T1/lmss/m/n/12 An Ap-peals Re-view Com-mis-sion Hear-ing shall re-quest the 
ap-pear-ance of in-di-vid-u-als
 []


Overfull \hbox (0.85223pt too wide) in paragraph at lines 31--32
[]\T1/lmss/m/n/12 The pro-ce-dure and han-dling of ev-i-dence at an Ap-peals Re
-view Com-mis-sion
 []

[30]
Overfull \hbox (1.64688pt too wide) in paragraph at lines 103--106
[]\T1/lmss/m/n/12 A se-cret bal-lot shall be held fol-low-ing the close of the 
cam-paign pe-riod, for the Pres-i-den-tial
 []

[31]
Overfull \hbox (6.73157pt too wide) in paragraph at lines 121--126
[]\T1/lmss/m/n/12 The Pres-i-den-tial elec-tion and all ref-er-enda shall have 
no quo-rum un-less oth-er-wise man-dated
 []


Overfull \hbox (7.90782pt too wide) in paragraph at lines 156--157
\T1/lmss/m/n/12 Im-pro-pri-ety and Ap-peals), where the CRO has de-ter-mined th
at an act of cam-paign im-pro-pri-ety
 []

[32]
Overfull \hbox (36.20438pt too wide) in paragraph at lines 183--187
[]\T1/lmss/m/n/12 Any full or as-so-ciate mem-ber of the So-ci-ety may chal-len
ge the va-lid-ity of an elec-tion/referendum
 []

) [33]
Overfull \hbox (0.40962pt too wide) in paragraph at lines 451--453
[]\T1/lmss/m/n/12 Nominations for all Vice-Presidential po-si-tions shall close
 at the Coun-cil pack-age dead-line.
 []

[34] [35] [36] [37]
Overfull \hbox (0.6631pt too wide) in paragraph at lines 572--573
[]\T1/lmss/m/n/12 by a mem-ber elected Speaker pro tem at a Coun-cil meet-ing. 
The Pres-i-dent
 []

[38] [39] [40]
Underfull \hbox (badness 10000) in paragraph at lines 681--682

 []


Overfull \hbox (9.18173pt too wide) in paragraph at lines 684--685
[]\T1/lmss/m/n/12 Departments or Pro-grams with-out a duly con-sti-tuted Grad-u
-ate Stu-dent As-so-ci-a-tion
 []

[41] [42] [43])
\openout2 = `Elections/Elections_Table.aux'.

 (./Elections/Elections_Table.tex
Overfull \hbox (17.35371pt too wide) in paragraph at lines 5--21
 [] 
 []

[44


])
\openout2 = `Bylaw/Bylaws_Post_Election_Table.aux'.

 (./Bylaw/Bylaws_Post_Election_Table.tex [45


]
Overfull \hbox (5.86183pt too wide) in paragraph at lines 65--67
[]\T1/lmss/m/n/12 The Of-fi-cial Li-ai-son shall be con-sid-ered an ex-officio,
 non-voting mem-ber of the com-mit-tee.
 []


Overfull \hbox (3.85255pt too wide) in paragraph at lines 85--86
[]\T1/lmss/m/n/12 Each com-mit-tee shall have a Com-mit-tee Pol-icy doc-u-ment,
 dis-tinct from other com-mit-tees'
 []

[46] [47] [48] [49]
Overfull \hbox (6.97331pt too wide) in paragraph at lines 224--227
[]\T1/lmss/m/n/12 shall over-see and up-date, in con-sul-ta-tion with the So-ci
-ety Com-mu-ni-ca-tions Ad-min-is-tra-tor
 []


Overfull \hbox (0.9878pt too wide) in paragraph at lines 227--228
\T1/lmss/m/n/12 In-ter-na-tional, the IESC, and the School of Grad-u-ate and Po
st-Doctoral Stud-ies, as nec-es-sary. 
 []


Overfull \hbox (40.41017pt too wide) in paragraph at lines 237--239
[]\T1/lmss/m/n/12 shall en-deav-our to co-or-di-nate with rep-re-sen-ta-tions f
rom each Grad-u-ate As-so-ci-a-tion/Department
 []

[50] [51] [52]
Overfull \hbox (5.1897pt too wide) in paragraph at lines 361--362
[]\T1/lmss/m/n/12 shall dis-cuss and make rec-om-men-da-tions to Coun-cil on is
-sues af-fect-ing grad-u-ate stu-dents
 []


Overfull \hbox (11.72055pt too wide) in paragraph at lines 366--367
[]\T1/lmss/m/n/12 members of the Com-mis-sion must be grad-u-ate stu-dents who 
are women and/or in-di-vid-u-als
 []

[53] [54] [55]
LaTeX Font Info:    Try loading font information for OMS+lmss on input line 422
.
LaTeX Font Info:    No file OMSlmss.fd. on input line 422.


LaTeX Font Warning: Font shape `OMS/lmss/m/n' undefined
(Font)              using `OMS/cmsy/m/n' instead
(Font)              for symbol `textbullet' on input line 422.


Overfull \hbox (6.74786pt too wide) in paragraph at lines 439--440
[]\T1/lmss/m/n/12 Recuse one-self from all par-tic-i-pa-tion, in-clud-ing ad-mi
n-is-tra-tive, in the ac-tiv-ity
 []

[56] [57]
Overfull \hbox (3.50224pt too wide) in paragraph at lines 481--483
[]\T1/lmss/m/n/12 The ad-min-is-tra-tive and mem-ber-ship fees to be levied on 
full and as-so-ciate mem-bers
 []


Overfull \hbox (8.8447pt too wide) in paragraph at lines 488--491
[]\T1/lmss/m/n/12 Any in-crease over and above the max-i-mum in-creases listed 
above shall be in-tro-duced
 []

[58] [59] [60]
Overfull \hbox (2.51387pt too wide) in paragraph at lines 541--544
[]\T1/lmss/m/n/12 Upon re-quest of a full or as-so-ciate mem-ber of the So-ci-e
ty, the Pres-i-dent must con-fi-den-tially
 []

[61] [62] [63]
Overfull \hbox (80.40143pt too wide) in paragraph at lines 698--699
[]\T1/lmss/m/n/12 Filled-seat al-ter-nate Coun-cil-lor, who re-places a Coun-ci
l-lor from their de-part-ment/unit/constituency
 []

[64] [65] [66] [67] [68] [69]
Overfull \hbox (10.0102pt too wide) in paragraph at lines 835--836
\T1/lmss/m/n/12 notwith-stand-ing the right granted by the Con-sti-tu-tion of t
he So-ci-ety and notwith-stand-ing
 []

[70]
Overfull \hbox (4.20718pt too wide) in paragraph at lines 847--848
[]\T1/lmss/m/n/12 A mem-ber of the Ex-ec-u-tive may be pro-hib-ited from sign-i
ng or en-dors-ing con-tracts
 []

[71] [72]
Overfull \hbox (28.99516pt too wide) in paragraph at lines 865--865
|[]\T1/lmss/bx/n/17.28 Dissemination of Amend-ments to the So-ci-ety's Gov-ern-
ing
 []


Overfull \hbox (10.42212pt too wide) in paragraph at lines 870--871
[]\T1/lmss/m/n/12 Enforcement of amend-ments dur-ing the Im-ple-men-ta-tion Pha
se shall be lim-ited to cor-rec-tions
 []

[73])
Chapter 3.
[74


]
\openout2 = `Operations_Policy/Conflict_of_Interest.aux'.

 (./Operations_Policy/Conflict_of_Interest.tex
Overfull \hbox (4.78117pt too wide) in paragraph at lines 13--14
\T1/lmss/m/n/12 com-mit-tee chair-per-son, a com-mit-tee's of-fi-cial li-ai-son
, the So-ci-ety's Pres-i-dent, or the So-ci-ety's
 []


Overfull \hbox (13.521pt too wide) in paragraph at lines 17--18
\T1/lmss/m/n/12 tri-bunal pro-ceed-ing through the So-ci-ety’s Speaker (see 3
.1.3.3, Tri-bunal Pro-ceed-ings). 
 []

[75

]
Overfull \hbox (6.13261pt too wide) in paragraph at lines 28--29
\T1/lmss/m/n/12 (non-voting), the Om-budsper-son (non-voting), and three other 
So-ci-ety mem-bers rep-re-sent-ing
 []


Overfull \hbox (14.96733pt too wide) in paragraph at lines 29--30
[]\T1/lmss/m/n/12 The tri-bunal shall as-sem-ble within seven (7) busi-ness day
s, bar-ring un-fore-seen cir-cum-stances,
 []


Overfull \hbox (4.5775pt too wide) in paragraph at lines 38--39
[]\T1/lmss/m/n/12 The con-flicted in-di-vid-ual be asked to cease par-tic-i-pat
-ing in the sit-u-a-tion gen-er-at-ing
 []


Overfull \hbox (4.5775pt too wide) in paragraph at lines 44--45
[]\T1/lmss/m/n/12 The con-flicted in-di-vid-ual be asked to cease par-tic-i-pat
-ing in the sit-u-a-tion gen-er-at-ing
 []

[76]
Overfull \hbox (6.40924pt too wide) in paragraph at lines 47--48
[]\T1/lmss/m/n/12 The con-flicted in-di-vid-ual may be cen-sured and face ad-di
-tional dis-ci-plinary mea-sures
 []


Overfull \hbox (39.0327pt too wide) in paragraph at lines 52--53
[]\T1/lmss/m/n/12 In all in-stances where a judge-ment is be-ing prof-fered, ra
ther than a mere rec-om-men-da-tion,
 []


Overfull \hbox (15.88943pt too wide) in paragraph at lines 54--55
[]\T1/lmss/m/n/12 Recommendations, pro-vided they achieve a res-o-lu-tion, need
 not be for-mal-ized
 []

) [77]
\openout2 = `Operations_Policy/Discipline_Code_2018.aux'.

 (./Operations_Policy/Discipline_Code_2018.tex [78


] [79]
Overfull \hbox (12.4832pt too wide) in paragraph at lines 59--60
[]\T1/lmss/m/n/12 Misappropriation, dam-age, unau-tho-rized pos-ses-sion, de-fa
ce-ment and/or de-struc-tion
 []


Overfull \hbox (28.26917pt too wide) in paragraph at lines 65--67
[]\T1/lmss/m/n/12 Forging, al-ter-ing or mis-us-ing any doc-u-ment, record, car
d or in-stru-ment of iden-ti-fi-ca-tion. 
 []

[80]
Overfull \hbox (0.5586pt too wide) in paragraph at lines 81--82
[]\T1/lmss/m/n/12 If needed to en-sure the Mem-ber's own phys-i-cal or emo-tion
al safety and well-being;
 []

[81]
Overfull \hbox (2.65776pt too wide) in paragraph at lines 95--96
[]\T1/lmss/m/n/12 If the mem-ber does not re-spond to the al-le-ga-tion or does
 not meet with the Om-budsper-son
 []


Overfull \hbox (24.97095pt too wide) in paragraph at lines 100--101
[]\T1/lmss/m/n/12 The Om-budsper-son shall re-port an-nu-ally at the An-nual Ge
n-eral Meet-ing (AGM), sum-ma-riz-ing
 []


Overfull \hbox (4.63243pt too wide) in paragraph at lines 109--110
[]\T1/lmss/m/n/12 New ev-i-dence, not avail-able at the time of the ear-lier de
-ci-sion, has been dis-cov-ered,
 []

[82]
Overfull \hbox (9.85815pt too wide) in paragraph at lines 124--125
[]\T1/lmss/m/n/12 Membership for the ARC Panel will be drawn from the Ap-peals 
Re-view Com-mis-sion. 
 []


Overfull \hbox (0.1757pt too wide) in paragraph at lines 132--133
[]\T1/lmss/m/n/12 Name, stu-dent num-ber, email ad-dress, cur-rent phone num-be
r, and cur-rent
 []

[83]
Overfull \hbox (28.18634pt too wide) in paragraph at lines 145--146
\T1/lmss/m/n/12 against whom the de-ci-sion has been made (Ap-pel-lant) and the
 Om-budsper-son (Re-spon-dent). 
 []


Overfull \hbox (1.1254pt too wide) in paragraph at lines 149--150
[]\T1/lmss/m/n/12 Constitute a Panel of at least three (3) mem-bers in-clud-ing
 the chair-per-son.
 []

[84]) [85]
\openout2 = `Operations_Policy/Elections.aux'.

 (./Operations_Policy/Elections.tex
Overfull \hbox (1.26022pt too wide) in paragraph at lines 21--22
[]\T1/lmss/m/n/12 In the event that the elected Pres-i-dent is a de-part-men-ta
l or part-time rep-re-sen-ta-tive,
 []


Overfull \hbox (2.63312pt too wide) in paragraph at lines 21--22
\T1/lmss/m/n/12 de-part-men-tal rep-re-sen-ta-tive, Speaker or other Ex-ec-u-ti
ve mem-ber while be-ing Pres-i-dent. 
 []

[86


]
Overfull \hbox (0.748pt too wide) in paragraph at lines 22--23
[]\T1/lmss/m/n/12 Actual trans-fer of sign-ing au-thor-ity and re-spon-si-bil-i
-ties of the Of-fice of the Pres-i-dent
 []


Overfull \hbox (0.72375pt too wide) in paragraph at lines 30--31
[]\T1/lmss/m/n/12 At that meet-ing an agree-ment will be signed by all par-ties
 wherein they ac-knowl-edge
 []


Overfull \hbox (3.74823pt too wide) in paragraph at lines 55--57
[]\T1/lmss/m/n/12 No can-di-date/referendum group or in-di-vid-ual mem-ber may,
 us-ing their own ini-tia-tive
 []

[87] [88]) [89]
\openout2 = `Operations_Policy/Minutes_2018.aux'.

 (./Operations_Policy/Minutes_2018.tex) [90


]
\openout2 = `Operations_Policy/Procurement.aux'.


(./Operations_Policy/Procurement.tex
Overfull \hbox (7.3762pt too wide) in paragraph at lines 25--26
[]\T1/lmss/bx/n/12 Requisitioning Com-mit-tee: \T1/lmss/m/n/12 The com-mit-tee 
which pre-pares a pro-cure-ment pro-cess
 []


Overfull \hbox (13.08696pt too wide) in paragraph at lines 49--50
[]\T1/lmss/m/n/12 It is the re-spon-si-bil-ity of the Req-ui-si-tioner to en-su
re all pur-chases re-quir-ing com-pet-i-tive
 []

[91


]
Overfull \hbox (20.5849pt too wide) in paragraph at lines 67--68
[]\T1/lmss/m/n/12 For pur-chases of $5,001-$50,000, price quo-ta-tions must be 
so-licited by the Req-ui-si-tioner
 []


Overfull \hbox (0.86066pt too wide) in paragraph at lines 67--68
\T1/lmss/m/n/12 Req-ui-si-tioner may con-tact the sup-pli-ers di-rectly or en-l
ist the as-sis-tance of the Uni-ver-sity
 []


Overfull \hbox (13.3536pt too wide) in paragraph at lines 74--75
[]\T1/lmss/m/n/12 The Req-ui-si-tioner is re-spon-si-ble for pro-vid-ing for-ma
l Re-quest for Quo-ta-tion doc-u-ments
 []

[92]
Overfull \hbox (6.95744pt too wide) in paragraph at lines 97--98
[]\T1/lmss/m/n/12 Only the So-ci-ety's Pres-i-dent and the Of-fi-cial Li-ai-son
 to the Req-ui-si-tion-ing Com-mit-tee
 []

LaTeX Font Info:    Font shape `T1/lmss/bx/it' in size <12> not available
(Font)              Font shape `T1/lmss/bx/sl' tried instead on input line 110.

[93]
Overfull \hbox (7.49702pt too wide) in paragraph at lines 127--128
[]\T1/lmss/m/n/12 All qual-i-fy-ing bids shall be eval-u-ated. All bids and the
 ra-tio-nale of the Req-ui-si-tion-ing
 []


Overfull \hbox (6.8726pt too wide) in paragraph at lines 150--151
[]\T1/lmss/m/n/12 Once the grievance is filed, the Req-ui-si-tioner, the Ex-ec-
u-tive, and the Om-budsper-son
 []

[94]
Overfull \hbox (14.22508pt too wide) in paragraph at lines 166--167
[]\T1/lmss/m/n/12 The re-port shall in-clude: the rec-om-men-da-tion and ra-tio
-nale of the com-mit-tee,
 []


Overfull \hbox (27.20497pt too wide) in paragraph at lines 167--168
\T1/lmss/m/n/12 When se-lect-ing the ac-coun-tant, it is im-por-tant to con-sid
er ex-pe-ri-ence with or-ga-ni-za-tions
 []


Overfull \hbox (12.07417pt too wide) in paragraph at lines 167--168
\T1/lmss/m/n/12 sim-i-lar to the So-ci-ety: not-for-profit or-ga-ni-za-tions, m
em-ber-ships of sev-eral thou-sand,
 []


Overfull \hbox (14.22508pt too wide) in paragraph at lines 181--182
[]\T1/lmss/m/n/12 The re-port shall in-clude: the rec-om-men-da-tion and ra-tio
-nale of the com-mit-tee,
 []

[95]
Overfull \hbox (12.43994pt too wide) in paragraph at lines 196--197
[]\T1/lmss/m/n/12 The Ori-en-ta-tion and So-cial Com-mit-tee shall be the Req-u
i-si-tion-ing Com-mit-tee
 []

) [96]
Chapter 4.
[97


]
\openout2 = `Committee_Documents/GSTA.aux'.

 (./Committee_Documents/GSTA.tex
Overfull \hbox (7.75667pt too wide) in paragraph at lines 1--1
|[]\T1/lmss/bx/n/17.28 Graduate Stu-dent Teach-ing Awards (GTSA) Com-mit-tee| 
 []


Underfull \hbox (badness 10000) in paragraph at lines 3--4

 []


Underfull \hbox (badness 10000) in paragraph at lines 5--6

 []

) [98

]
\openout2 = `Committee_Documents/Gradcast.aux'.

 (./Committee_Documents/Gradcast.tex
Overfull \hbox (3.18266pt too wide) in paragraph at lines 28--30
[]\T1/lmss/m/n/12 A Record-ing Sec-re-tary, who will be re-spon-si-ble for keep
-ing and dis-sem-i-nat-ing com-mit-tee
 []

[99


]) [100]
\openout2 = `Committee_Documents/OSC.aux'.

 (./Committee_Documents/OSC.tex
Overfull \hbox (4.90865pt too wide) in paragraph at lines 7--8
\T1/lmss/m/n/12 Fall, Win-ter, and Sum-mer Ori-en-ta-tions, host so-cial and re
creational--including non-alcoholic--events
 []


Overfull \hbox (7.06584pt too wide) in paragraph at lines 14--17
[]\T1/lmss/m/n/12 Non-voting mem-bers: Vice-President Stu-dent Ser-vices (Of-fi
-cial Li-ai-son, Ex-officio), Pres-i-dent
 []

[101


]
Overfull \hbox (18.02791pt too wide) in paragraph at lines 57--59
[]\T1/lmss/m/n/12 Shall work with the Com-mu-ni-ca-tions Ad-min-is-tra-tor to e
n-sure the suc-cess-ful pro-mo-tion
 []

[102] [103]
Overfull \hbox (7.26782pt too wide) in paragraph at lines 114--116
[]\T1/lmss/m/n/12 Shall in-form the Chair and Vice-President Stu-dent Ser-vices
, and copy the Communi-
 []


Overfull \hbox (13.75371pt too wide) in paragraph at lines 125--126
[]\T1/lmss/m/n/12 For de-tailed in-for-ma-tion on Ori-en-ta-tion, the Chair(s) 
should re-fer to the OSC Chair Tran-si-tional
 []


Overfull \hbox (14.22519pt too wide) in paragraph at lines 141--144
\T1/lmss/m/n/12 Well-ness Week), In-ter-na-tional Grad-u-ate Stu-dent Is-sues C
om-mit-tee (fam-ily friendly, non-alcohol
 []

[104]
Overfull \hbox (25.10992pt too wide) in paragraph at lines 144--147
[]\T1/lmss/m/n/12 The OSC shall en-deavor to reach out to rep-re-sen-ta-tives f
rom Grad-u-ate As-so-ci-a-tions/Departments
 []

) [105]
\openout2 = `Committee_Documents/HPC.aux'.

 (./Committee_Documents/HPC.tex
Overfull \hbox (7.06584pt too wide) in paragraph at lines 15--19
[]\T1/lmss/m/n/12 Non-voting mem-bers: Vice-President Stu-dent Ser-vices (Of-fi
-cial Li-ai-son, Ex-officio), Pres-i-dent
 []


Overfull \hbox (6.68462pt too wide) in paragraph at lines 15--19
\T1/lmss/m/n/12 (Ex-officio), and SOGS Ac-count-ing Man-ager (Ex-officio), and 
Com-mu-ni-ca-tions Ad-min-is-tra-tor
 []

[106


]
Overfull \hbox (10.37337pt too wide) in paragraph at lines 42--43
[]\T1/lmss/m/n/12 For cor-rect-ing word-ing or mis-takes in doc-u-ments al-read
y ap-proved by the com-mit-tee. 
 []


Overfull \hbox (31.58882pt too wide) in paragraph at lines 62--63
[]\T1/lmss/m/n/12 Shall work with the Ac-count-ing Man-ager, Ad-min-is-tra-tive
 As-sis-tant, and Com-mu-ni-ca-tions
 []

[107]
Overfull \hbox (3.62338pt too wide) in paragraph at lines 104--105
\T1/lmss/m/n/12 mem-ber of the HPC to the po-si-tion of Chair even if for a tem
-po-rary, non-permanent
 []


Overfull \hbox (7.26782pt too wide) in paragraph at lines 109--111
[]\T1/lmss/m/n/12 Shall in-form the Chair and Vice-President Stu-dent Ser-vices
, and copy the Communi-
 []

[108]
Overfull \hbox (1.3835pt too wide) in paragraph at lines 118--119
[]\T1/lmss/m/n/12 Opt-In/Opt-Out Ap-peals: Health Plan opt-ins/opt-outs shall b
e per-mit-ted af-ter the dead-line
 []


Overfull \hbox (13.85794pt too wide) in paragraph at lines 155--178
[][] 
 []

[109]
Overfull \hbox (29.98677pt too wide) in paragraph at lines 191--193
[]\T1/lmss/m/n/12 Other -- 5% (Dis-counts, Net-work, Bur-saries, Spon-sor-ship,
 Pro-mo-tional, Com-mu-ni-ca-tion,
 []

) [110]
\openout2 = `Committee_Documents/Policy.aux'.

 (./Committee_Documents/Policy.tex) [111


]
Chapter 5.
[112


]
\openout2 = `Rulings/July2013.aux'.

 (./Rulings/July2013.tex
Overfull \hbox (5.09343pt too wide) in paragraph at lines 35--36
[]\T1/lmss/m/n/12 Were the Non-Disclosure Agree-ments (NDA) signed by the mem-b
ers of the In-ves-tiga-tive
 []

[113

]
LaTeX Font Info:    External font `lmex10' loaded for size
(Font)              <10> on input line 54.
LaTeX Font Info:    External font `lmex10' loaded for size
(Font)              <7> on input line 54.
LaTeX Font Info:    External font `lmex10' loaded for size
(Font)              <5> on input line 54.
 [114] [115]
Underfull \hbox (badness 10000) in paragraph at lines 87--97

 []

) [116]
\openout2 = `Rulings/Nov2014.aux'.

 (./Rulings/Nov2014.tex
Overfull \hbox (9.7455pt too wide) in paragraph at lines 18--20
\T1/lmss/m/n/12 Al-ter-nate Coun-cil-lors to at-tend meet-ings when their reg-u
-lar de-part-ment rep-re-sen-ta-tive is un-avail-able.
 []


Underfull \hbox (badness 10000) in paragraph at lines 30--40

 []

) [117


]
\openout2 = `Rulings/Nov2017.aux'.

 (./Rulings/Nov2017.tex
Overfull \hbox (0.24078pt too wide) in paragraph at lines 29--30
[]\T1/lmss/m/n/12 Removal of the mem-ber from the com-mit-tee list fol-low-ing 
their un-der-stood res-ig-na-tion. 
 []


Package multicol Warning: I moved some lines to the next page.
(multicol)                Footnotes on page 118 might be wrong on input line 48
.

[118


] [119]) [120] (./Unified_Docs.ind [121


] [122] [123] [124] [125] [126]
[127] [128] [129] [130]) (./Unified_Docs.aux (./Constitution/Constitution.aux)
(./Bylaw/Bylaws.aux) (./Elections/Elections_Table.aux)
(./Bylaw/Bylaws_Post_Election_Table.aux)
(./Operations_Policy/Conflict_of_Interest.aux)
(./Operations_Policy/Discipline_Code_2018.aux)
(./Operations_Policy/Elections.aux) (./Operations_Policy/Minutes_2018.aux)
(./Operations_Policy/Procurement.aux) (./Committee_Documents/GSTA.aux)
(./Committee_Documents/Gradcast.aux) (./Committee_Documents/OSC.aux)
(./Committee_Documents/HPC.aux) (./Committee_Documents/Policy.aux)
(./Rulings/July2013.aux) (./Rulings/Nov2014.aux) (./Rulings/Nov2017.aux))

LaTeX Font Warning: Some font shapes were not available, defaults substituted.

 ) 
Here is how much of TeX's memory you used:
 14310 strings out of 492995
 279706 string characters out of 6132704
 347460 words of memory out of 5000000
 17397 multiletter control sequences out of 15000+600000
 68500 words of font info for 51 fonts, out of 8000000 for 9000
 1148 hyphenation exceptions out of 8191
 62i,8n,56p,1045b,565s stack positions out of 5000i,500n,10000p,200000b,80000s
{/usr/local/texlive/2017/texmf-dist/fonts/enc/dvips/lm/lm-ec.enc}</usr/local/
texlive/2017/texmf-dist/fonts/type1/public/amsfonts/cm/cmsy10.pfb></usr/local/t
exlive/2017/texmf-dist/fonts/type1/public/lm/lmcsc10.pfb></usr/local/texlive/20
17/texmf-dist/fonts/type1/public/lm/lmss10.pfb></usr/local/texlive/2017/texmf-d
ist/fonts/type1/public/lm/lmss12.pfb></usr/local/texlive/2017/texmf-dist/fonts/
type1/public/lm/lmss17.pfb></usr/local/texlive/2017/texmf-dist/fonts/type1/publ
ic/lm/lmss8.pfb></usr/local/texlive/2017/texmf-dist/fonts/type1/public/lm/lmssb
x10.pfb></usr/local/texlive/2017/texmf-dist/fonts/type1/public/lm/lmsso12.pfb>
Output written on Unified_Docs.pdf (130 pages, 388499 bytes).
PDF statistics:
 461 PDF objects out of 1000 (max. 8388607)
 316 compressed objects within 4 object streams
 0 named destinations out of 1000 (max. 500000)
 18 words of extra memory for PDF output out of 10000 (max. 10000000)

